#
# There is insufficient memory for the Java Runtime Environment to continue.
# Native memory allocation (malloc) failed to allocate 1706112 bytes for Chunk::new
# Possible reasons:
#   The system is out of physical RAM or swap space
#   In 32 bit mode, the process size limit was hit
# Possible solutions:
#   Reduce memory load on the system
#   Increase physical memory or swap space
#   Check if swap backing store is full
#   Use 64 bit Java on a 64 bit OS
#   Decrease Java heap size (-Xmx/-Xms)
#   Decrease number of Java threads
#   Decrease Java thread stack sizes (-Xss)
#   Set larger code cache with -XX:ReservedCodeCacheSize=
# This output file may be truncated or incomplete.
#
#  Out of Memory Error (allocation.cpp:390), pid=7908, tid=0x0000000000004214
#
# JRE version: OpenJDK Runtime Environment (8.0_76-b03) (build 1.8.0_76-release-b03)
# Java VM: OpenJDK 64-Bit Server VM (25.76-b03 mixed mode windows-amd64 compressed oops)
# Failed to write core dump. Minidumps are not enabled by default on client versions of Windows
#

---------------  T H R E A D  ---------------

Current thread (0x0000000014a70000):  JavaThread "C2 CompilerThread1" daemon [_thread_in_native, id=16916, stack(0x00000000161b0000,0x00000000162b0000)]

Stack: [0x00000000161b0000,0x00000000162b0000]
[error occurred during error reporting (printing stack bounds), id 0xc0000005]

Native frames: (J=compiled Java code, j=interpreted, Vv=VM code, C=native code)


Current CompileTask:
C2:   3246 1518       4       java.net.URLClassLoader$1::run (5 bytes)


---------------  P R O C E S S  ---------------

Java Threads: ( => current thread )
  0x0000000016445000 JavaThread "File lock request listener" [_thread_in_native, id=14916, stack(0x00000000193b0000,0x00000000194b0000)]
  0x0000000016445800 JavaThread "Stdin handler" [_thread_blocked, id=2692, stack(0x0000000018cb0000,0x0000000018db0000)]
  0x0000000016447800 JavaThread "Daemon worker" [_thread_in_vm, id=17348, stack(0x0000000018bb0000,0x0000000018cb0000)]
  0x0000000016442000 JavaThread "Cancel handler" [_thread_blocked, id=17312, stack(0x0000000018ab0000,0x0000000018bb0000)]
  0x0000000016446800 JavaThread "Handler for socket connection from /127.0.0.1:58742 to /127.0.0.1:58744" [_thread_in_native, id=16596, stack(0x00000000189b0000,0x0000000018ab0000)]
  0x0000000016441000 JavaThread "Daemon" [_thread_blocked, id=16776, stack(0x00000000188b0000,0x00000000189b0000)]
  0x0000000016444000 JavaThread "Incoming local TCP Connector on port 58742" [_thread_in_native, id=10080, stack(0x00000000171b0000,0x00000000172b0000)]
  0x0000000014ace000 JavaThread "Service Thread" daemon [_thread_blocked, id=17216, stack(0x00000000167b0000,0x00000000168b0000)]
  0x0000000014a72800 JavaThread "C1 CompilerThread2" daemon [_thread_blocked, id=17052, stack(0x00000000162b0000,0x00000000163b0000)]
=>0x0000000014a70000 JavaThread "C2 CompilerThread1" daemon [_thread_in_native, id=16916, stack(0x00000000161b0000,0x00000000162b0000)]
  0x0000000014a6d800 JavaThread "C2 CompilerThread0" daemon [_thread_in_native, id=10132, stack(0x00000000160b0000,0x00000000161b0000)]
  0x0000000014a6b000 JavaThread "Attach Listener" daemon [_thread_blocked, id=10124, stack(0x0000000015fb0000,0x00000000160b0000)]
  0x0000000014a6a000 JavaThread "Signal Dispatcher" daemon [_thread_blocked, id=5732, stack(0x0000000015eb0000,0x0000000015fb0000)]
  0x0000000014a58800 JavaThread "Finalizer" daemon [_thread_blocked, id=17252, stack(0x0000000015cd0000,0x0000000015dd0000)]
  0x0000000002392000 JavaThread "Reference Handler" daemon [_thread_blocked, id=13556, stack(0x0000000015bd0000,0x0000000015cd0000)]
  0x000000000219e000 JavaThread "main" [_thread_blocked, id=14284, stack(0x00000000021a0000,0x00000000022a0000)]

Other Threads:
  0x0000000014a35800 VMThread [stack: 0x0000000015ad0000,0x0000000015bd0000] [id=4632]
  0x00000000163d6000 WatcherThread [stack: 0x00000000168b0000,0x00000000169b0000] [id=17212]

VM state:not at safepoint (normal execution)

VM Mutex/Monitor currently owned by a thread: None

Heap:
 PSYoungGen      total 39936K, used 7007K [0x00000000eab00000, 0x00000000ed900000, 0x0000000100000000)
  eden space 32768K, 6% used [0x00000000eab00000,0x00000000ead0bb50,0x00000000ecb00000)
  from space 7168K, 68% used [0x00000000ed200000,0x00000000ed6cc118,0x00000000ed900000)
  to   space 7168K, 0% used [0x00000000ecb00000,0x00000000ecb00000,0x00000000ed200000)
 ParOldGen       total 44032K, used 7442K [0x00000000c0000000, 0x00000000c2b00000, 0x00000000eab00000)
  object space 44032K, 16% used [0x00000000c0000000,0x00000000c07448c0,0x00000000c2b00000)
 Metaspace       used 18927K, capacity 19270K, committed 19328K, reserved 1067008K
  class space    used 2551K, capacity 2661K, committed 2688K, reserved 1048576K

Card table byte_map: [0x0000000011760000,0x0000000011970000] byte_map_base: 0x0000000011160000

Marking Bits: (ParMarkBitMap*) 0x0000000063f79d00
 Begin Bits: [0x0000000011ed0000, 0x0000000012ed0000)
 End Bits:   [0x0000000012ed0000, 0x0000000013ed0000)

Polling page: 0x00000000001f0000

CodeCache: size=245760Kb used=5182Kb max_used=5182Kb free=240577Kb
 bounds [0x00000000023a0000, 0x00000000028c0000, 0x00000000113a0000]
 total_blobs=1917 nmethods=1536 adapters=294
 compilation: enabled

Compilation events (10 events):
Event: 3.024 Thread 0x0000000014a72800 1536       3       org.codehaus.groovy.util.LockableObject::lock (25 bytes)
Event: 3.025 Thread 0x0000000014a72800 nmethod 1536 0x00000000028afcd0 code [0x00000000028afe80, 0x00000000028b0598]
Event: 3.025 Thread 0x0000000014a72800 1537       3       org.codehaus.groovy.util.LockableObject::unlock (7 bytes)
Event: 3.025 Thread 0x0000000014a72800 nmethod 1537 0x00000000028b0790 code [0x00000000028b0920, 0x00000000028b0d18]
Event: 3.026 Thread 0x0000000014a72800 1538       1       sun.reflect.generics.visitor.Reifier::getFactory (5 bytes)
Event: 3.026 Thread 0x0000000014a72800 nmethod 1538 0x00000000028b0e50 code [0x00000000028b0fa0, 0x00000000028b10b0]
Event: 3.026 Thread 0x0000000014a72800 1539       3       org.codehaus.groovy.util.ManagedReference::get (10 bytes)
Event: 3.026 Thread 0x0000000014a72800 nmethod 1539 0x00000000028b1110 code [0x00000000028b1280, 0x00000000028b14a8]
Event: 3.145 Thread 0x0000000014a72800 1540       1       java.util.LinkedList::size (5 bytes)
Event: 3.146 Thread 0x0000000014a72800 nmethod 1540 0x00000000028b1550 code [0x00000000028b16a0, 0x00000000028b17b0]

GC Heap History (10 events):
Event: 0.857 GC heap before
{Heap before GC invocations=2 (full 0):
 PSYoungGen      total 18944K, used 18941K [0x00000000eab00000, 0x00000000ec000000, 0x0000000100000000)
  eden space 16384K, 100% used [0x00000000eab00000,0x00000000ebb00000,0x00000000ebb00000)
  from space 2560K, 99% used [0x00000000ebb00000,0x00000000ebd7f4b8,0x00000000ebd80000)
  to   space 2560K, 0% used [0x00000000ebd80000,0x00000000ebd80000,0x00000000ec000000)
 ParOldGen       total 44032K, used 213K [0x00000000c0000000, 0x00000000c2b00000, 0x00000000eab00000)
  object space 44032K, 0% used [0x00000000c0000000,0x00000000c00355b8,0x00000000c2b00000)
 Metaspace       used 5612K, capacity 6128K, committed 6144K, reserved 1056768K
  class space    used 707K, capacity 768K, committed 768K, reserved 1048576K
Event: 0.861 GC heap after
Heap after GC invocations=2 (full 0):
 PSYoungGen      total 18944K, used 2047K [0x00000000eab00000, 0x00000000ed000000, 0x0000000100000000)
  eden space 16384K, 0% used [0x00000000eab00000,0x00000000eab00000,0x00000000ebb00000)
  from space 2560K, 79% used [0x00000000ebd80000,0x00000000ebf7fdf0,0x00000000ec000000)
  to   space 2560K, 0% used [0x00000000ebb00000,0x00000000ebb00000,0x00000000ebd80000)
 ParOldGen       total 44032K, used 221K [0x00000000c0000000, 0x00000000c2b00000, 0x00000000eab00000)
  object space 44032K, 0% used [0x00000000c0000000,0x00000000c00375b8,0x00000000c2b00000)
 Metaspace       used 5612K, capacity 6128K, committed 6144K, reserved 1056768K
  class space    used 707K, capacity 768K, committed 768K, reserved 1048576K
}
Event: 1.782 GC heap before
{Heap before GC invocations=3 (full 0):
 PSYoungGen      total 18944K, used 18431K [0x00000000eab00000, 0x00000000ed000000, 0x0000000100000000)
  eden space 16384K, 100% used [0x00000000eab00000,0x00000000ebb00000,0x00000000ebb00000)
  from space 2560K, 79% used [0x00000000ebd80000,0x00000000ebf7fdf0,0x00000000ec000000)
  to   space 2560K, 0% used [0x00000000ebb00000,0x00000000ebb00000,0x00000000ebd80000)
 ParOldGen       total 44032K, used 221K [0x00000000c0000000, 0x00000000c2b00000, 0x00000000eab00000)
  object space 44032K, 0% used [0x00000000c0000000,0x00000000c00375b8,0x00000000c2b00000)
 Metaspace       used 10763K, capacity 11096K, committed 11264K, reserved 1058816K
  class space    used 1375K, capacity 1460K, committed 1536K, reserved 1048576K
Event: 1.788 GC heap after
Heap after GC invocations=3 (full 0):
 PSYoungGen      total 18944K, used 2544K [0x00000000eab00000, 0x00000000ec000000, 0x0000000100000000)
  eden space 16384K, 0% used [0x00000000eab00000,0x00000000eab00000,0x00000000ebb00000)
  from space 2560K, 99% used [0x00000000ebb00000,0x00000000ebd7c010,0x00000000ebd80000)
  to   space 2560K, 0% used [0x00000000ebd80000,0x00000000ebd80000,0x00000000ec000000)
 ParOldGen       total 44032K, used 1906K [0x00000000c0000000, 0x00000000c2b00000, 0x00000000eab00000)
  object space 44032K, 4% used [0x00000000c0000000,0x00000000c01dc9e8,0x00000000c2b00000)
 Metaspace       used 10763K, capacity 11096K, committed 11264K, reserved 1058816K
  class space    used 1375K, capacity 1460K, committed 1536K, reserved 1048576K
}
Event: 1.983 GC heap before
{Heap before GC invocations=4 (full 0):
 PSYoungGen      total 18944K, used 18928K [0x00000000eab00000, 0x00000000ec000000, 0x0000000100000000)
  eden space 16384K, 100% used [0x00000000eab00000,0x00000000ebb00000,0x00000000ebb00000)
  from space 2560K, 99% used [0x00000000ebb00000,0x00000000ebd7c010,0x00000000ebd80000)
  to   space 2560K, 0% used [0x00000000ebd80000,0x00000000ebd80000,0x00000000ec000000)
 ParOldGen       total 44032K, used 1906K [0x00000000c0000000, 0x00000000c2b00000, 0x00000000eab00000)
  object space 44032K, 4% used [0x00000000c0000000,0x00000000c01dc9e8,0x00000000c2b00000)
 Metaspace       used 12549K, capacity 12920K, committed 13184K, reserved 1060864K
  class space    used 1677K, capacity 1812K, committed 1920K, reserved 1048576K
Event: 1.990 GC heap after
Heap after GC invocations=4 (full 0):
 PSYoungGen      total 18944K, used 2528K [0x00000000eab00000, 0x00000000ed000000, 0x0000000100000000)
  eden space 16384K, 0% used [0x00000000eab00000,0x00000000eab00000,0x00000000ebb00000)
  from space 2560K, 98% used [0x00000000ebd80000,0x00000000ebff8020,0x00000000ec000000)
  to   space 2560K, 0% used [0x00000000ebb00000,0x00000000ebb00000,0x00000000ebd80000)
 ParOldGen       total 44032K, used 4197K [0x00000000c0000000, 0x00000000c2b00000, 0x00000000eab00000)
  object space 44032K, 9% used [0x00000000c0000000,0x00000000c0419590,0x00000000c2b00000)
 Metaspace       used 12549K, capacity 12920K, committed 13184K, reserved 1060864K
  class space    used 1677K, capacity 1812K, committed 1920K, reserved 1048576K
}
Event: 2.297 GC heap before
{Heap before GC invocations=5 (full 0):
 PSYoungGen      total 18944K, used 18912K [0x00000000eab00000, 0x00000000ed000000, 0x0000000100000000)
  eden space 16384K, 100% used [0x00000000eab00000,0x00000000ebb00000,0x00000000ebb00000)
  from space 2560K, 98% used [0x00000000ebd80000,0x00000000ebff8020,0x00000000ec000000)
  to   space 2560K, 0% used [0x00000000ebb00000,0x00000000ebb00000,0x00000000ebd80000)
 ParOldGen       total 44032K, used 4197K [0x00000000c0000000, 0x00000000c2b00000, 0x00000000eab00000)
  object space 44032K, 9% used [0x00000000c0000000,0x00000000c0419590,0x00000000c2b00000)
 Metaspace       used 16391K, capacity 16760K, committed 16896K, reserved 1064960K
  class space    used 2139K, capacity 2260K, committed 2304K, reserved 1048576K
Event: 2.305 GC heap after
Heap after GC invocations=5 (full 0):
 PSYoungGen      total 18944K, used 2528K [0x00000000eab00000, 0x00000000ed900000, 0x0000000100000000)
  eden space 16384K, 0% used [0x00000000eab00000,0x00000000eab00000,0x00000000ebb00000)
  from space 2560K, 98% used [0x00000000ebb00000,0x00000000ebd78020,0x00000000ebd80000)
  to   space 7168K, 0% used [0x00000000ed200000,0x00000000ed200000,0x00000000ed900000)
 ParOldGen       total 44032K, used 7442K [0x00000000c0000000, 0x00000000c2b00000, 0x00000000eab00000)
  object space 44032K, 16% used [0x00000000c0000000,0x00000000c07448c0,0x00000000c2b00000)
 Metaspace       used 16391K, capacity 16760K, committed 16896K, reserved 1064960K
  class space    used 2139K, capacity 2260K, committed 2304K, reserved 1048576K
}
Event: 3.037 GC heap before
{Heap before GC invocations=6 (full 0):
 PSYoungGen      total 18944K, used 18912K [0x00000000eab00000, 0x00000000ed900000, 0x0000000100000000)
  eden space 16384K, 100% used [0x00000000eab00000,0x00000000ebb00000,0x00000000ebb00000)
  from space 2560K, 98% used [0x00000000ebb00000,0x00000000ebd78020,0x00000000ebd80000)
  to   space 7168K, 0% used [0x00000000ed200000,0x00000000ed200000,0x00000000ed900000)
 ParOldGen       total 44032K, used 7442K [0x00000000c0000000, 0x00000000c2b00000, 0x00000000eab00000)
  object space 44032K, 16% used [0x00000000c0000000,0x00000000c07448c0,0x00000000c2b00000)
 Metaspace       used 18421K, capacity 18758K, committed 19072K, reserved 1064960K
  class space    used 2482K, capacity 2597K, committed 2688K, reserved 1048576K
Event: 3.049 GC heap after
Heap after GC invocations=6 (full 0):
 PSYoungGen      total 39936K, used 4912K [0x00000000eab00000, 0x00000000ed900000, 0x0000000100000000)
  eden space 32768K, 0% used [0x00000000eab00000,0x00000000eab00000,0x00000000ecb00000)
  from space 7168K, 68% used [0x00000000ed200000,0x00000000ed6cc118,0x00000000ed900000)
  to   space 7168K, 0% used [0x00000000ecb00000,0x00000000ecb00000,0x00000000ed200000)
 ParOldGen       total 44032K, used 7442K [0x00000000c0000000, 0x00000000c2b00000, 0x00000000eab00000)
  object space 44032K, 16% used [0x00000000c0000000,0x00000000c07448c0,0x00000000c2b00000)
 Metaspace       used 18421K, capacity 18758K, committed 19072K, reserved 1064960K
  class space    used 2482K, capacity 2597K, committed 2688K, reserved 1048576K
}

Deoptimization events (10 events):
Event: 2.398 Thread 0x0000000016447800 Uncommon trap: reason=class_check action=maybe_recompile pc=0x000000000285befc method=org.gradle.internal.service.DefaultServiceRegistry$SingletonService.getService(Lorg/gradle/internal/service/DefaultServiceRegistry$LookupContext;Lorg/gradle/internal/serv
Event: 2.398 Thread 0x0000000016447800 Uncommon trap: reason=class_check action=maybe_recompile pc=0x000000000285befc method=org.gradle.internal.service.DefaultServiceRegistry$SingletonService.getService(Lorg/gradle/internal/service/DefaultServiceRegistry$LookupContext;Lorg/gradle/internal/servž:*Ž‘.@
Event: 2.398 Thread 0x0000000016447800 Uncommon trap: reason=class_check action=maybe_recompile pc=0x000000000285befc method=org.gradle.internal.service.DefaultServiceRegistry$SingletonService.getService(Lorg/gradle/internal/service/DefaultServiceRegistry$LookupContext;Lorg/gradle/internal/servç#¬™.@
Event: 2.398 Thread 0x0000000016447800 Uncommon trap: reason=class_check action=maybe_recompile pc=0x000000000285befc method=org.gradle.internal.service.DefaultServiceRegistry$SingletonService.getService(Lorg/gradle/internal/service/DefaultServiceRegistry$LookupContext;Lorg/gradle/internal/serv,óÄ›“r@
Event: 2.556 Thread 0x0000000016447800 Uncommon trap: reason=bimorphic action=maybe_recompile pc=0x0000000002821458 method=java.lang.ClassLoader.loadClass(Ljava/lang/String;Z)Ljava/lang/Class; @ 38
Event: 2.557 Thread 0x0000000016447800 Uncommon trap: reason=bimorphic action=maybe_recompile pc=0x0000000002821458 method=java.lang.ClassLoader.loadClass(Ljava/lang/String;Z)Ljava/lang/Class; @ 38
Event: 2.558 Thread 0x0000000016447800 Uncommon trap: reason=bimorphic action=maybe_recompile pc=0x0000000002821458 method=java.lang.ClassLoader.loadClass(Ljava/lang/String;Z)Ljava/lang/Class; @ 38
Event: 2.558 Thread 0x0000000016447800 Uncommon trap: reason=bimorphic action=maybe_recompile pc=0x0000000002821458 method=java.lang.ClassLoader.loadClass(Ljava/lang/String;Z)Ljava/lang/Class; @ 38
Event: 2.857 Thread 0x0000000016447800 Uncommon trap: reason=unstable_if action=reinterpret pc=0x0000000002684f50 method=java.lang.AbstractStringBuilder.append(Ljava/lang/String;)Ljava/lang/AbstractStringBuilder; @ 1
Event: 2.857 Thread 0x0000000016447800 Uncommon trap: reason=unstable_if action=reinterpret pc=0x00000000026212c4 method=java.lang.AbstractStringBuilder.append(Ljava/lang/String;)Ljava/lang/AbstractStringBuilder; @ 1

Internal exceptions (10 events):
Event: 2.606 Thread 0x0000000016447800 Exception <a 'java/lang/NoSuchMethodError': <clinit>> (0x00000000eb4bebf0) thrown at [C:\src\android\AOSP-openjdk\external\jetbrains\jdk\hotspot\src\share\vm\prims\jni.cpp, line 1591]
Event: 2.644 Thread 0x0000000016447800 Exception <a 'java/lang/NoSuchMethodError': <clinit>> (0x00000000eb4ebf30) thrown at [C:\src\android\AOSP-openjdk\external\jetbrains\jdk\hotspot\src\share\vm\prims\jni.cpp, line 1591]
Event: 2.650 Thread 0x0000000016447800 Exception <a 'java/lang/NoSuchMethodError': <clinit>> (0x00000000eb542f98) thrown at [C:\src\android\AOSP-openjdk\external\jetbrains\jdk\hotspot\src\share\vm\prims\jni.cpp, line 1591]
Event: 2.652 Thread 0x0000000016447800 Exception <a 'java/lang/NoSuchMethodError': <clinit>> (0x00000000eb5517e8) thrown at [C:\src\android\AOSP-openjdk\external\jetbrains\jdk\hotspot\src\share\vm\prims\jni.cpp, line 1591]
Event: 2.658 Thread 0x0000000016447800 Exception <a 'java/lang/NoSuchMethodError': <clinit>> (0x00000000eb5bf0f8) thrown at [C:\src\android\AOSP-openjdk\external\jetbrains\jdk\hotspot\src\share\vm\prims\jni.cpp, line 1591]
Event: 2.658 Thread 0x0000000016447800 Exception <a 'java/lang/NoSuchMethodError': <clinit>> (0x00000000eb5c18b0) thrown at [C:\src\android\AOSP-openjdk\external\jetbrains\jdk\hotspot\src\share\vm\prims\jni.cpp, line 1591]
Event: 2.659 Thread 0x0000000016447800 Exception <a 'java/lang/NoSuchMethodError': <clinit>> (0x00000000eb5cdb90) thrown at [C:\src\android\AOSP-openjdk\external\jetbrains\jdk\hotspot\src\share\vm\prims\jni.cpp, line 1591]
Event: 2.659 Thread 0x0000000016447800 Exception <a 'java/lang/NoSuchMethodError': <clinit>> (0x00000000eb5d7f90) thrown at [C:\src\android\AOSP-openjdk\external\jetbrains\jdk\hotspot\src\share\vm\prims\jni.cpp, line 1591]
Event: 2.857 Thread 0x0000000016447800 Implicit null exception at 0x0000000002684b97 to 0x0000000002684f39
Event: 2.857 Thread 0x0000000016447800 Implicit null exception at 0x0000000002620f59 to 0x00000000026212ad

Events (10 events):
Event: 3.241 loading class groovyjarjarantlr/ANTLRStringBuffer
Event: 3.241 loading class groovyjarjarantlr/ANTLRStringBuffer done
Event: 3.242 loading class groovyjarjarantlr/ANTLRHashString
Event: 3.242 loading class groovyjarjarantlr/ANTLRHashString done
Event: 3.242 loading class groovyjarjarantlr/Utils
Event: 3.242 loading class groovyjarjarantlr/Utils done
Event: 3.243 loading class groovyjarjarantlr/CommonToken
Event: 3.243 loading class groovyjarjarantlr/CommonToken done
Event: 3.243 loading class groovyjarjarantlr/Token
Event: 3.243 loading class groovyjarjarantlr/Token done


Dynamic libraries:
0x00007ff72c2b0000 - 0x00007ff72c2e1000 	F:\AndroidStudioSDK_NDK_files\InstallationData\jre\bin\java.exe
0x00007ffe393f0000 - 0x00007ffe395b1000 	C:\WINDOWS\SYSTEM32\ntdll.dll
0x00007ffe368a0000 - 0x00007ffe3694d000 	C:\WINDOWS\system32\KERNEL32.DLL
0x00007ffe35aa0000 - 0x00007ffe35c88000 	C:\WINDOWS\system32\KERNELBASE.dll
0x00007ffe34110000 - 0x00007ffe34189000 	C:\WINDOWS\system32\apphelp.dll
0x00007ffe37380000 - 0x00007ffe37427000 	C:\WINDOWS\system32\ADVAPI32.dll
0x00007ffe392e0000 - 0x00007ffe3937d000 	C:\WINDOWS\system32\msvcrt.dll
0x00007ffe36f30000 - 0x00007ffe36f8b000 	C:\WINDOWS\system32\sechost.dll
0x00007ffe37880000 - 0x00007ffe3799c000 	C:\WINDOWS\system32\RPCRT4.dll
0x00007ffe36f90000 - 0x00007ffe370e6000 	C:\WINDOWS\system32\USER32.dll
0x00007ffe38f00000 - 0x00007ffe39086000 	C:\WINDOWS\system32\GDI32.dll
0x00007ffe25570000 - 0x00007ffe257e4000 	C:\WINDOWS\WinSxS\amd64_microsoft.windows.common-controls_6595b64144ccf1df_6.0.10586.0_none_8c15ae12515e1c22\COMCTL32.dll
0x00007ffe36cb0000 - 0x00007ffe36f2d000 	C:\WINDOWS\system32\combase.dll
0x00007ffe35eb0000 - 0x00007ffe35f1a000 	C:\WINDOWS\system32\bcryptPrimitives.dll
0x00007ffe36c70000 - 0x00007ffe36cab000 	C:\WINDOWS\system32\IMM32.DLL
0x0000000063600000 - 0x00000000636d2000 	F:\AndroidStudioSDK_NDK_files\InstallationData\jre\jre\bin\msvcr100.dll
0x00000000637c0000 - 0x0000000063ff4000 	F:\AndroidStudioSDK_NDK_files\InstallationData\jre\jre\bin\server\jvm.dll
0x00007ffe39200000 - 0x00007ffe39208000 	C:\WINDOWS\system32\PSAPI.DLL
0x00007ffe2c4e0000 - 0x00007ffe2c4ea000 	C:\WINDOWS\SYSTEM32\VERSION.dll
0x00007ffe33f70000 - 0x00007ffe33f93000 	C:\WINDOWS\SYSTEM32\WINMM.dll
0x00007ffe340f0000 - 0x00007ffe340f9000 	C:\WINDOWS\SYSTEM32\WSOCK32.dll
0x00007ffe37310000 - 0x00007ffe3737b000 	C:\WINDOWS\system32\WS2_32.dll
0x00007ffe334a0000 - 0x00007ffe334cc000 	C:\WINDOWS\SYSTEM32\WINMMBASE.dll
0x00007ffe35cf0000 - 0x00007ffe35d33000 	C:\WINDOWS\system32\cfgmgr32.dll
0x00007ffe2f080000 - 0x00007ffe2f08f000 	F:\AndroidStudioSDK_NDK_files\InstallationData\jre\jre\bin\verify.dll
0x00007ffe178f0000 - 0x00007ffe17919000 	F:\AndroidStudioSDK_NDK_files\InstallationData\jre\jre\bin\java.dll
0x00007ffe17ef0000 - 0x00007ffe17f06000 	F:\AndroidStudioSDK_NDK_files\InstallationData\jre\jre\bin\zip.dll
0x00007ffe379a0000 - 0x00007ffe38eff000 	C:\WINDOWS\system32\SHELL32.dll
0x00007ffe35f20000 - 0x00007ffe36564000 	C:\WINDOWS\system32\windows.storage.dll
0x00007ffe39210000 - 0x00007ffe39262000 	C:\WINDOWS\system32\shlwapi.dll
0x00007ffe35a90000 - 0x00007ffe35a9f000 	C:\WINDOWS\system32\kernel.appcore.dll
0x00007ffe35d40000 - 0x00007ffe35df5000 	C:\WINDOWS\system32\shcore.dll
0x00007ffe35a40000 - 0x00007ffe35a8b000 	C:\WINDOWS\system32\powrprof.dll
0x00007ffe35a10000 - 0x00007ffe35a24000 	C:\WINDOWS\system32\profapi.dll
0x00007ffe17a30000 - 0x00007ffe17a4a000 	F:\AndroidStudioSDK_NDK_files\InstallationData\jre\jre\bin\net.dll
0x00007ffe35340000 - 0x00007ffe3539c000 	C:\WINDOWS\system32\mswsock.dll
0x00007ffe17240000 - 0x00007ffe17251000 	F:\AndroidStudioSDK_NDK_files\InstallationData\jre\jre\bin\nio.dll
0x00007ffe2a1a0000 - 0x00007ffe2a1b2000 	C:\Users\Fahim Al Mahmud\.gradle\native\19\windows-amd64\native-platform.dll
0x00007ffe32c20000 - 0x00007ffe32c58000 	C:\WINDOWS\SYSTEM32\IPHLPAPI.DLL
0x00007ffe39270000 - 0x00007ffe39278000 	C:\WINDOWS\system32\NSI.dll
0x00007ffe30580000 - 0x00007ffe30596000 	C:\WINDOWS\SYSTEM32\dhcpcsvc6.DLL
0x00007ffe313a0000 - 0x00007ffe313ba000 	C:\WINDOWS\SYSTEM32\dhcpcsvc.DLL
0x00007ffe353f0000 - 0x00007ffe35407000 	C:\WINDOWS\SYSTEM32\CRYPTSP.dll
0x00007ffe350e0000 - 0x00007ffe35114000 	C:\WINDOWS\system32\rsaenh.dll
0x00007ffe35610000 - 0x00007ffe35639000 	C:\WINDOWS\SYSTEM32\bcrypt.dll
0x00007ffe351d0000 - 0x00007ffe351ef000 	C:\WINDOWS\SYSTEM32\USERENV.dll
0x00007ffe35510000 - 0x00007ffe3551b000 	C:\WINDOWS\SYSTEM32\CRYPTBASE.dll

VM Arguments:
jvm_args: -XX:MaxPermSize=256m -XX:+HeapDumpOnOutOfMemoryError -Xmx1024m -Dfile.encoding=windows-1252 -Duser.country=US -Duser.language=en -Duser.variant 
java_command: org.gradle.launcher.daemon.bootstrap.GradleDaemon 2.10
java_class_path (initial): C:\Users\Fahim Al Mahmud\.gradle\wrapper\dists\gradle-2.10-all\a4w5fzrkeut1ox71xslb49gst\gradle-2.10\lib\gradle-launcher-2.10.jar
Launcher Type: SUN_STANDARD

Environment Variables:
PATH=F:\PythonInstalledFiles\Scripts\;F:\PythonInstalledFiles\;C:\ProgramData\Oracle\Java\javapath;C:\WINDOWS\system32;C:\WINDOWS;C:\WINDOWS\System32\Wbem;C:\WINDOWS\System32\WindowsPowerShell\v1.0\;C:\Program Files (x86)\QuickTime\QTSystem\;C:\Users\Fahim Al Mahmud\AppData\Local\Programs\Python\Python35-32;C:\Program Files (x86)\GtkSharp\2.12\bin;C:\Users\Fahim Al Mahmud\AppData\Local\GitHub\PortableGit_d7effa1a4a322478cd29c826b52a0c118ad3db11\cmd;C:\Program Files (x86)\Java\jdk1.8.0_40\bin;C:\Program Files (x86)\Java\jre1.8.0_111\bin;C:\Program Files (x86)\Skype\Phone\
USERNAME=Fahim Al Mahmud
OS=Windows_NT
PROCESSOR_IDENTIFIER=Intel64 Family 6 Model 58 Stepping 9, GenuineIntel



---------------  S Y S T E M  ---------------

OS: Windows 10.0 , 64 bit Build 10586 (10.0.10586.0)

CPU:total 4 (2 cores per cpu, 2 threads per core) family 6 model 58 stepping 9, cmov, cx8, fxsr, mmx, sse, sse2, sse3, ssse3, sse4.1, sse4.2, popcnt, avx, aes, clmul, erms, ht, tsc, tscinvbit, tscinv

Memory: 4k page, physical 4087096k(723348k free), swap 5514552k(6256k free)

vm_info: OpenJDK 64-Bit Server VM (25.76-b03) for windows-amd64 JRE (1.8.0_76-release-b03), built on Jun 29 2016 19:09:20 by "ralucas" with MS VC++ 10.0 (VS2010)

time: Tue Jan 10 07:24:41 2017
elapsed time: 3 seconds (0d 0h 0m 3s)

